 INFO 2019-10-27 20:20:59,870 Logged into  virinchi.msk83@gmail.com sendMail 16 
 INFO 2019-10-27 20:21:02,157 Mail sent to virinchi.msk83@gmail.com from virinchi.msk83@gmail.com sendMail 18 
 INFO 2019-10-27 20:21:05,190 SMS sent to +919182042514 with sid SM623a46a3772d44d1add156ba9eebb017 sendSMS 18 
 INFO 2019-10-27 20:32:53,445 Logged into  virinchi.msk83@gmail.com sendMail 16 
 INFO 2019-10-27 20:32:56,294 Mail sent to virinchi.msk83@gmail.com from virinchi.msk83@gmail.com sendMail 20 
 INFO 2019-10-27 20:35:23,312 Logged into  virinchi.msk83@gmail.com sendMail 16 
 INFO 2019-10-27 20:35:25,878 Mail sent to rohit.p@gmail.com from virinchi.msk83@gmail.com sendMail 20 
 INFO 2019-10-27 20:35:55,978 Logged into  virinchi.msk83@gmail.com sendMail 16 
 INFO 2019-10-27 20:35:58,436 Mail sent to 6frctfhtfvtfhctf6jj@gmail.com from virinchi.msk83@gmail.com sendMail 20 
 INFO 2019-10-27 20:36:31,807 Logged into  virinchi.msk83@gmail.com sendMail 16 
 INFO 2019-10-27 20:36:34,495 Mail sent to virinchii@gmail.com from virinchi.msk83@gmail.com sendMail 20 
 INFO 2019-10-27 20:37:03,580 Logged into  virinchi.msk83@gmail.com sendMail 16 
 INFO 2019-10-27 20:37:05,706 Mail sent to ee@gmail.com from virinchi.msk83@gmail.com sendMail 20 
 INFO 2019-10-27 20:54:31,804 Logged into  virinchi.msk83@gmail.com sendMail 19 
 INFO 2019-10-27 23:46:54,035 SMS sent to +919182042514 with sid SM46774b925987425082c3743294ced5a2 sendSMS 22 
 INFO 2019-10-27 23:48:14,009 SMS sent to +919182042514 with sid SMe6eea7b19806457bbf72eff1d2796ee9 sendSMS 22 
 INFO 2019-10-27 23:51:25,293 SMS sent to +919182042514 with sid SMc96520c0f74e417a9ff6a10e8ebbf87b sendSMS 22 
 INFO 2019-10-27 23:59:49,003 SMS sent to +919182042514 with sid SMd0e036bcd72d458b88230c9f59936759 sendSMS 22 
 INFO 2019-10-28 00:00:10,922 SMS sent to +919182042514 with sid SM487b7d19acdd4967999c074b811c314d sendSMS 22 
 INFO 2019-10-28 23:44:42,114 SMS sent to +919182042514 with sid SMd2d2f80643894ff0b69352e1460bb07d sendSMS 22 
 INFO 2019-10-28 23:46:29,341 SMS sent to +919182042514 with sid SM397fc98d60c340a9af30d9e66788fc2b sendSMS 22 
 INFO 2019-10-28 23:46:43,722 SMS sent to +919182042514 with sid SM202d53add1224911adcd0a7ee6290f6e sendSMS 22 
 INFO 2019-10-28 23:49:11,752 Logged into  virinchi.msk83@gmail.com sendMail 30 
 INFO 2019-10-28 23:49:13,785 Mail sent to prohit93@gmail.com from virinchi.msk83@gmail.com sendMail 53 
 INFO 2019-10-29 00:14:02,548 Logged into  virinchi.msk83@gmail.com sendMail 30 
 INFO 2019-10-29 00:14:04,447 Mail sent to virinchi.msk83@gmail.com from virinchi.msk83@gmail.com sendMail 53 
 INFO 2019-10-29 00:14:10,963 Logged into  virinchi.msk83@gmail.com sendMail 30 
 INFO 2019-10-29 00:14:12,615 Mail sent to virinchi.msk83@gmail.com from virinchi.msk83@gmail.com sendMail 53 
 INFO 2019-10-29 12:23:18,252 Logged into  virinchi.msk83@gmail.com sendMail 30 
 INFO 2019-10-29 12:24:34,344 Logged into  virinchi.msk83@gmail.com sendMail 30 
 INFO 2019-10-29 12:25:50,390 Logged into  virinchi.msk83@gmail.com sendMail 30 
 INFO 2019-10-29 12:25:52,951 Mail sent to virinchi.msk83@gmail.com from virinchi.msk83@gmail.com sendMail 53 
 INFO 2019-10-29 12:27:00,733 Logged into  virinchi.msk83@gmail.com sendMail 30 
 INFO 2019-10-29 12:27:02,894 Mail sent to virinchi.msk83@gmail.com from virinchi.msk83@gmail.com sendMail 53 
 INFO 2019-10-29 12:27:24,182 Logged into  virinchi.msk83@gmail.com sendMail 30 
 INFO 2019-10-29 12:32:10,392 Logged into  virinchi.msk83@gmail.com sendMail 30 
 INFO 2019-10-29 12:32:12,442 Mail sent to virinchi.msk83@gmail.com from virinchi.msk83@gmail.com sendMail 53 
